<?xml version="1.0" encoding="UTF-8"?>
<testsuite name="provaJavaConGradle.AppTest" tests="1" skipped="0" failures="0" errors="0" timestamp="2022-04-26T17:00:45" hostname="MSI" time="0.039">
  <properties/>
  <testcase name="appHasAGreeting" classname="provaJavaConGradle.AppTest" time="0.039"/>
  <system-out><![CDATA[]]></system-out>
  <system-err><![CDATA[]]></system-err>
</testsuite>
